{"name": "Создание заказа неавторизованным пользователем", "status": "failed", "statusDetails": {"message": "AssertionError: assert (200 == 200 and '{\"success\":t...umber\":9535}}' == '{\"name\":\"Флю...uccess\":true}'\n +  where 200 = <Response [200]>.status_code\n  - {\"name\":\"Флюоресцентный бургер\",\"order\":{\"number\":9535},success\":true}\n  ?                                                        --------------\n  + {\"success\":true,\"name\":\"Флюоресцентный бургер\",\"order\":{\"number\":9535}}\n  ?  +++++++++++++++)", "trace": "self = <test_create_order.TestCreateOrder object at 0x108b539d0>, create_user = ['innokenti57@rambler.ru', ')2v&%DgtUK', 'Игнатий']\n\n    @allure.title('Создание заказа неавторизованным пользователем')\n    def test_successful_create_order_user_without_authorization(self, create_user):\n        ingredients = {\"ingredients\": [\"61c0c5a71d1f82001bdaaa6d\"]}\n        response = requests.post(f'{Url.URL}{Endpoints.ORDER_CREATE}', data=ingredients)\n        name = response.json()['name']\n        order_number = response.json()['order']['number']\n>       assert (response.status_code == 200 and\n                response.text == f'{{\"name\":\"{name}\",\"order\":{{\"number\":{order_number}}},success\":true}}')\nE       assert (200 == 200 and '{\"success\":t...umber\":9535}}' == '{\"name\":\"Флю...uccess\":true}'\nE        +  where 200 = <Response [200]>.status_code\nE         - {\"name\":\"Флюоресцентный бургер\",\"order\":{\"number\":9535},success\":true}\nE         ?                                                        --------------\nE         + {\"success\":true,\"name\":\"Флюоресцентный бургер\",\"order\":{\"number\":9535}}\nE         ?  +++++++++++++++)\n\ntests/test_create_order.py:26: AssertionError"}, "start": 1701001920072, "stop": 1701001920212, "uuid": "4cddebf1-8ada-4dbe-a65f-5bff03f3cd99", "historyId": "1d56e95788a349b64646c047d2426eb1", "testCaseId": "1d56e95788a349b64646c047d2426eb1", "fullName": "tests.test_create_order.TestCreateOrder#test_successful_create_order_user_without_authorization", "labels": [{"name": "parentSuite", "value": "tests"}, {"name": "suite", "value": "test_create_order"}, {"name": "subSuite", "value": "TestCreateOrder"}, {"name": "host", "value": "MacBook-Pro-Sabina.local"}, {"name": "thread", "value": "22134-MainThread"}, {"name": "framework", "value": "pytest"}, {"name": "language", "value": "cpython3"}, {"name": "package", "value": "tests.test_create_order"}]}